<?xml version="1.0" encoding="utf-8"?><testsuites name="pytest tests"><testsuite name="pytest" errors="0" failures="0" skipped="0" tests="7" time="1.058" timestamp="2026-05-29T18:41:05.116188+00:00" hostname="agent-env-d74fa1e4-8c62-4517-a21e-3c74b2f29b50"><testcase classname="test_backend.TestRootStatus" name="test_root_welcome" time="0.416" /><testcase classname="test_backend.TestRootStatus" name="test_status_post_and_get" time="0.136" /><testcase classname="test_backend.TestCatering" name="test_create_catering_minimum_required" time="0.110" /><testcase classname="test_backend.TestCatering" name="test_create_catering_all_optional_fields" time="0.059" /><testcase classname="test_backend.TestCatering" name="test_invalid_email_returns_422" time="0.060" /><testcase classname="test_backend.TestCatering" name="test_missing_required_field_returns_422" time="0.056" /><testcase classname="test_backend.TestCatering" name="test_list_catering_sorted_desc" time="0.068" /></testsuite></testsuites>